
*** Running vivado
    with args -log page_list.vds -m64 -product Vivado -mode batch -messageDb vivado.pb -notrace -source page_list.tcl


****** Vivado v2023.1 (64-bit)
  **** SW Build 3865809 on Sun May  7 15:04:56 MDT 2023
  **** IP Build 3864474 on Sun May  7 20:36:21 MDT 2023
  **** SharedData Build 3865790 on Sun May 07 13:33:03 MDT 2023
    ** Copyright 1986-2022 Xilinx, Inc. All Rights Reserved.
    ** Copyright 2022-2023 Advanced Micro Devices, Inc. All Rights Reserved.

source page_list.tcl -notrace
create_project: Time (s): cpu = 00:00:12 ; elapsed = 00:00:12 . Memory (MB): peak = 1274.637 ; gain = 0.023 ; free physical = 1269 ; free virtual = 5669
INFO: [IP_Flow 19-234] Refreshing IP repositories
INFO: [IP_Flow 19-1700] Loaded user IP repository '/home/vittorio/GitHub/CustomCPU/IP/CustomCPU_1_0'.
WARNING: [IP_Flow 19-2207] Repository '/home/vittorio/GitHub/CustomCPU/IP/CustomCPU_1_0' already exists; ignoring attempt to add it again.
INFO: [IP_Flow 19-1700] Loaded user IP repository '/home/vittorio/GitHub/CustomCPU/IP/CustomCPU_1_0'.
INFO: [IP_Flow 19-2313] Loaded Vivado IP repository '/opt/Xilinx/Vivado/2023.1/data/ip'.
INFO: [IP_Flow 19-6924] IPCACHE: Running cache check for IP inst: page_list
Command: synth_design -top page_list -part xc7z020clg484-1 -incremental_mode off -mode out_of_context
Starting synth_design
Attempting to get a license for feature 'Synthesis' and/or device 'xc7z020'
INFO: [Common 17-349] Got license for feature 'Synthesis' and/or device 'xc7z020'
INFO: [Device 21-403] Loading part xc7z020clg484-1
INFO: [Synth 8-7079] Multithreading enabled for synth_design using a maximum of 4 processes.
INFO: [Synth 8-7078] Launching helper process for spawning children vivado processes
INFO: [Synth 8-7075] Helper process launched with PID 15952
---------------------------------------------------------------------------------
Starting RTL Elaboration : Time (s): cpu = 00:00:07 ; elapsed = 00:00:08 . Memory (MB): peak = 2025.719 ; gain = 377.801 ; free physical = 281 ; free virtual = 4681
---------------------------------------------------------------------------------
INFO: [Synth 8-638] synthesizing module 'page_list' [/home/vittorio/GitHub/CustomCPU/IP/project/CustomCPU_v1_0_project/CustomCPU_v1_0_project.gen/sources_1/ip/page_list/synth/page_list.vhd:69]
	Parameter C_FAMILY bound to: zynq - type: string 
	Parameter C_ADDR_WIDTH bound to: 6 - type: integer 
	Parameter C_DEFAULT_DATA bound to: 0000000000000000000 - type: string 
	Parameter C_DEPTH bound to: 64 - type: integer 
	Parameter C_HAS_CLK bound to: 1 - type: integer 
	Parameter C_HAS_D bound to: 1 - type: integer 
	Parameter C_HAS_DPO bound to: 0 - type: integer 
	Parameter C_HAS_DPRA bound to: 0 - type: integer 
	Parameter C_HAS_I_CE bound to: 0 - type: integer 
	Parameter C_HAS_QDPO bound to: 0 - type: integer 
	Parameter C_HAS_QDPO_CE bound to: 0 - type: integer 
	Parameter C_HAS_QDPO_CLK bound to: 0 - type: integer 
	Parameter C_HAS_QDPO_RST bound to: 0 - type: integer 
	Parameter C_HAS_QDPO_SRST bound to: 0 - type: integer 
	Parameter C_HAS_QSPO bound to: 0 - type: integer 
	Parameter C_HAS_QSPO_CE bound to: 0 - type: integer 
	Parameter C_HAS_QSPO_RST bound to: 0 - type: integer 
	Parameter C_HAS_QSPO_SRST bound to: 0 - type: integer 
	Parameter C_HAS_SPO bound to: 1 - type: integer 
	Parameter C_HAS_WE bound to: 1 - type: integer 
	Parameter C_MEM_INIT_FILE bound to: page_list.mif - type: string 
	Parameter C_ELABORATION_DIR bound to: ./ - type: string 
	Parameter C_MEM_TYPE bound to: 1 - type: integer 
	Parameter C_PIPELINE_STAGES bound to: 0 - type: integer 
	Parameter C_QCE_JOINED bound to: 0 - type: integer 
	Parameter C_QUALIFY_WE bound to: 0 - type: integer 
	Parameter C_READ_MIF bound to: 1 - type: integer 
	Parameter C_REG_A_D_INPUTS bound to: 0 - type: integer 
	Parameter C_REG_DPRA_INPUT bound to: 0 - type: integer 
	Parameter C_SYNC_ENABLE bound to: 1 - type: integer 
	Parameter C_WIDTH bound to: 19 - type: integer 
	Parameter C_PARSER_TYPE bound to: 1 - type: integer 
INFO: [Synth 8-3491] module 'dist_mem_gen_v8_0_13' declared at '/home/vittorio/GitHub/CustomCPU/IP/project/CustomCPU_v1_0_project/CustomCPU_v1_0_project.gen/sources_1/ip/page_list/hdl/dist_mem_gen_v8_0_vhsyn_rfs.vhd:3237' bound to instance 'U0' of component 'dist_mem_gen_v8_0_13' [/home/vittorio/GitHub/CustomCPU/IP/project/CustomCPU_v1_0_project/CustomCPU_v1_0_project.gen/sources_1/ip/page_list/synth/page_list.vhd:135]
INFO: [Synth 8-256] done synthesizing module 'page_list' (0#1) [/home/vittorio/GitHub/CustomCPU/IP/project/CustomCPU_v1_0_project/CustomCPU_v1_0_project.gen/sources_1/ip/page_list/synth/page_list.vhd:69]
WARNING: [Synth 8-7129] Port qspo[18] in module spram is either unconnected or has no load
WARNING: [Synth 8-7129] Port qspo[17] in module spram is either unconnected or has no load
WARNING: [Synth 8-7129] Port qspo[16] in module spram is either unconnected or has no load
WARNING: [Synth 8-7129] Port qspo[15] in module spram is either unconnected or has no load
WARNING: [Synth 8-7129] Port qspo[14] in module spram is either unconnected or has no load
WARNING: [Synth 8-7129] Port qspo[13] in module spram is either unconnected or has no load
WARNING: [Synth 8-7129] Port qspo[12] in module spram is either unconnected or has no load
WARNING: [Synth 8-7129] Port qspo[11] in module spram is either unconnected or has no load
WARNING: [Synth 8-7129] Port qspo[10] in module spram is either unconnected or has no load
WARNING: [Synth 8-7129] Port qspo[9] in module spram is either unconnected or has no load
WARNING: [Synth 8-7129] Port qspo[8] in module spram is either unconnected or has no load
WARNING: [Synth 8-7129] Port qspo[7] in module spram is either unconnected or has no load
WARNING: [Synth 8-7129] Port qspo[6] in module spram is either unconnected or has no load
WARNING: [Synth 8-7129] Port qspo[5] in module spram is either unconnected or has no load
WARNING: [Synth 8-7129] Port qspo[4] in module spram is either unconnected or has no load
WARNING: [Synth 8-7129] Port qspo[3] in module spram is either unconnected or has no load
WARNING: [Synth 8-7129] Port qspo[2] in module spram is either unconnected or has no load
WARNING: [Synth 8-7129] Port qspo[1] in module spram is either unconnected or has no load
WARNING: [Synth 8-7129] Port qspo[0] in module spram is either unconnected or has no load
WARNING: [Synth 8-7129] Port i_ce in module spram is either unconnected or has no load
WARNING: [Synth 8-7129] Port qspo_ce in module spram is either unconnected or has no load
WARNING: [Synth 8-7129] Port qspo_rst in module spram is either unconnected or has no load
WARNING: [Synth 8-7129] Port qspo_srst in module spram is either unconnected or has no load
WARNING: [Synth 8-7129] Port dpo[18] in module dist_mem_gen_v8_0_13_synth is either unconnected or has no load
WARNING: [Synth 8-7129] Port dpo[17] in module dist_mem_gen_v8_0_13_synth is either unconnected or has no load
WARNING: [Synth 8-7129] Port dpo[16] in module dist_mem_gen_v8_0_13_synth is either unconnected or has no load
WARNING: [Synth 8-7129] Port dpo[15] in module dist_mem_gen_v8_0_13_synth is either unconnected or has no load
WARNING: [Synth 8-7129] Port dpo[14] in module dist_mem_gen_v8_0_13_synth is either unconnected or has no load
WARNING: [Synth 8-7129] Port dpo[13] in module dist_mem_gen_v8_0_13_synth is either unconnected or has no load
WARNING: [Synth 8-7129] Port dpo[12] in module dist_mem_gen_v8_0_13_synth is either unconnected or has no load
WARNING: [Synth 8-7129] Port dpo[11] in module dist_mem_gen_v8_0_13_synth is either unconnected or has no load
WARNING: [Synth 8-7129] Port dpo[10] in module dist_mem_gen_v8_0_13_synth is either unconnected or has no load
WARNING: [Synth 8-7129] Port dpo[9] in module dist_mem_gen_v8_0_13_synth is either unconnected or has no load
WARNING: [Synth 8-7129] Port dpo[8] in module dist_mem_gen_v8_0_13_synth is either unconnected or has no load
WARNING: [Synth 8-7129] Port dpo[7] in module dist_mem_gen_v8_0_13_synth is either unconnected or has no load
WARNING: [Synth 8-7129] Port dpo[6] in module dist_mem_gen_v8_0_13_synth is either unconnected or has no load
WARNING: [Synth 8-7129] Port dpo[5] in module dist_mem_gen_v8_0_13_synth is either unconnected or has no load
WARNING: [Synth 8-7129] Port dpo[4] in module dist_mem_gen_v8_0_13_synth is either unconnected or has no load
WARNING: [Synth 8-7129] Port dpo[3] in module dist_mem_gen_v8_0_13_synth is either unconnected or has no load
WARNING: [Synth 8-7129] Port dpo[2] in module dist_mem_gen_v8_0_13_synth is either unconnected or has no load
WARNING: [Synth 8-7129] Port dpo[1] in module dist_mem_gen_v8_0_13_synth is either unconnected or has no load
WARNING: [Synth 8-7129] Port dpo[0] in module dist_mem_gen_v8_0_13_synth is either unconnected or has no load
WARNING: [Synth 8-7129] Port qdpo[18] in module dist_mem_gen_v8_0_13_synth is either unconnected or has no load
WARNING: [Synth 8-7129] Port qdpo[17] in module dist_mem_gen_v8_0_13_synth is either unconnected or has no load
WARNING: [Synth 8-7129] Port qdpo[16] in module dist_mem_gen_v8_0_13_synth is either unconnected or has no load
WARNING: [Synth 8-7129] Port qdpo[15] in module dist_mem_gen_v8_0_13_synth is either unconnected or has no load
WARNING: [Synth 8-7129] Port qdpo[14] in module dist_mem_gen_v8_0_13_synth is either unconnected or has no load
WARNING: [Synth 8-7129] Port qdpo[13] in module dist_mem_gen_v8_0_13_synth is either unconnected or has no load
WARNING: [Synth 8-7129] Port qdpo[12] in module dist_mem_gen_v8_0_13_synth is either unconnected or has no load
WARNING: [Synth 8-7129] Port qdpo[11] in module dist_mem_gen_v8_0_13_synth is either unconnected or has no load
WARNING: [Synth 8-7129] Port qdpo[10] in module dist_mem_gen_v8_0_13_synth is either unconnected or has no load
WARNING: [Synth 8-7129] Port qdpo[9] in module dist_mem_gen_v8_0_13_synth is either unconnected or has no load
WARNING: [Synth 8-7129] Port qdpo[8] in module dist_mem_gen_v8_0_13_synth is either unconnected or has no load
WARNING: [Synth 8-7129] Port qdpo[7] in module dist_mem_gen_v8_0_13_synth is either unconnected or has no load
WARNING: [Synth 8-7129] Port qdpo[6] in module dist_mem_gen_v8_0_13_synth is either unconnected or has no load
WARNING: [Synth 8-7129] Port qdpo[5] in module dist_mem_gen_v8_0_13_synth is either unconnected or has no load
WARNING: [Synth 8-7129] Port qdpo[4] in module dist_mem_gen_v8_0_13_synth is either unconnected or has no load
WARNING: [Synth 8-7129] Port qdpo[3] in module dist_mem_gen_v8_0_13_synth is either unconnected or has no load
WARNING: [Synth 8-7129] Port qdpo[2] in module dist_mem_gen_v8_0_13_synth is either unconnected or has no load
WARNING: [Synth 8-7129] Port qdpo[1] in module dist_mem_gen_v8_0_13_synth is either unconnected or has no load
WARNING: [Synth 8-7129] Port qdpo[0] in module dist_mem_gen_v8_0_13_synth is either unconnected or has no load
WARNING: [Synth 8-7129] Port dpra[5] in module dist_mem_gen_v8_0_13_synth is either unconnected or has no load
WARNING: [Synth 8-7129] Port dpra[4] in module dist_mem_gen_v8_0_13_synth is either unconnected or has no load
WARNING: [Synth 8-7129] Port dpra[3] in module dist_mem_gen_v8_0_13_synth is either unconnected or has no load
WARNING: [Synth 8-7129] Port dpra[2] in module dist_mem_gen_v8_0_13_synth is either unconnected or has no load
WARNING: [Synth 8-7129] Port dpra[1] in module dist_mem_gen_v8_0_13_synth is either unconnected or has no load
WARNING: [Synth 8-7129] Port dpra[0] in module dist_mem_gen_v8_0_13_synth is either unconnected or has no load
WARNING: [Synth 8-7129] Port qdpo_ce in module dist_mem_gen_v8_0_13_synth is either unconnected or has no load
WARNING: [Synth 8-7129] Port qdpo_clk in module dist_mem_gen_v8_0_13_synth is either unconnected or has no load
WARNING: [Synth 8-7129] Port qdpo_rst in module dist_mem_gen_v8_0_13_synth is either unconnected or has no load
WARNING: [Synth 8-7129] Port qdpo_srst in module dist_mem_gen_v8_0_13_synth is either unconnected or has no load
WARNING: [Synth 8-7129] Port dpra[5] in module dist_mem_gen_v8_0_13 is either unconnected or has no load
WARNING: [Synth 8-7129] Port dpra[4] in module dist_mem_gen_v8_0_13 is either unconnected or has no load
WARNING: [Synth 8-7129] Port dpra[3] in module dist_mem_gen_v8_0_13 is either unconnected or has no load
WARNING: [Synth 8-7129] Port dpra[2] in module dist_mem_gen_v8_0_13 is either unconnected or has no load
WARNING: [Synth 8-7129] Port dpra[1] in module dist_mem_gen_v8_0_13 is either unconnected or has no load
WARNING: [Synth 8-7129] Port dpra[0] in module dist_mem_gen_v8_0_13 is either unconnected or has no load
WARNING: [Synth 8-7129] Port i_ce in module dist_mem_gen_v8_0_13 is either unconnected or has no load
WARNING: [Synth 8-7129] Port qspo_ce in module dist_mem_gen_v8_0_13 is either unconnected or has no load
WARNING: [Synth 8-7129] Port qdpo_ce in module dist_mem_gen_v8_0_13 is either unconnected or has no load
WARNING: [Synth 8-7129] Port qdpo_clk in module dist_mem_gen_v8_0_13 is either unconnected or has no load
WARNING: [Synth 8-7129] Port qspo_rst in module dist_mem_gen_v8_0_13 is either unconnected or has no load
WARNING: [Synth 8-7129] Port qdpo_rst in module dist_mem_gen_v8_0_13 is either unconnected or has no load
WARNING: [Synth 8-7129] Port qspo_srst in module dist_mem_gen_v8_0_13 is either unconnected or has no load
WARNING: [Synth 8-7129] Port qdpo_srst in module dist_mem_gen_v8_0_13 is either unconnected or has no load
---------------------------------------------------------------------------------
Finished RTL Elaboration : Time (s): cpu = 00:00:10 ; elapsed = 00:00:11 . Memory (MB): peak = 2095.656 ; gain = 447.738 ; free physical = 190 ; free virtual = 4591
---------------------------------------------------------------------------------
---------------------------------------------------------------------------------
Start Handling Custom Attributes
---------------------------------------------------------------------------------
---------------------------------------------------------------------------------
Finished Handling Custom Attributes : Time (s): cpu = 00:00:10 ; elapsed = 00:00:11 . Memory (MB): peak = 2113.469 ; gain = 465.551 ; free physical = 188 ; free virtual = 4589
---------------------------------------------------------------------------------
---------------------------------------------------------------------------------
Finished RTL Optimization Phase 1 : Time (s): cpu = 00:00:10 ; elapsed = 00:00:11 . Memory (MB): peak = 2113.469 ; gain = 465.551 ; free physical = 188 ; free virtual = 4589
---------------------------------------------------------------------------------
Netlist sorting complete. Time (s): cpu = 00:00:00 ; elapsed = 00:00:00 . Memory (MB): peak = 2113.469 ; gain = 0.000 ; free physical = 188 ; free virtual = 4589
INFO: [Project 1-570] Preparing netlist for logic optimization

Processing XDC Constraints
Initializing timing engine
Parsing XDC File [/home/vittorio/GitHub/CustomCPU/IP/project/CustomCPU_v1_0_project/CustomCPU_v1_0_project.gen/sources_1/ip/page_list/page_list_ooc.xdc] for cell 'U0'
Finished Parsing XDC File [/home/vittorio/GitHub/CustomCPU/IP/project/CustomCPU_v1_0_project/CustomCPU_v1_0_project.gen/sources_1/ip/page_list/page_list_ooc.xdc] for cell 'U0'
Parsing XDC File [/home/vittorio/GitHub/CustomCPU/IP/project/CustomCPU_v1_0_project/CustomCPU_v1_0_project.runs/page_list_synth_1/dont_touch.xdc]
Finished Parsing XDC File [/home/vittorio/GitHub/CustomCPU/IP/project/CustomCPU_v1_0_project/CustomCPU_v1_0_project.runs/page_list_synth_1/dont_touch.xdc]
Completed Processing XDC Constraints

Netlist sorting complete. Time (s): cpu = 00:00:00 ; elapsed = 00:00:00 . Memory (MB): peak = 2184.203 ; gain = 0.000 ; free physical = 174 ; free virtual = 4575
INFO: [Project 1-111] Unisim Transformation Summary:
No Unisim elements were transformed.

Constraint Validation Runtime : Time (s): cpu = 00:00:00.02 ; elapsed = 00:00:00.02 . Memory (MB): peak = 2184.203 ; gain = 0.000 ; free physical = 174 ; free virtual = 4575
INFO: [Designutils 20-5008] Incremental synthesis strategy off
---------------------------------------------------------------------------------
Finished Constraint Validation : Time (s): cpu = 00:00:20 ; elapsed = 00:00:21 . Memory (MB): peak = 2184.203 ; gain = 536.285 ; free physical = 155 ; free virtual = 4556
---------------------------------------------------------------------------------
---------------------------------------------------------------------------------
Start Loading Part and Timing Information
---------------------------------------------------------------------------------
Loading part: xc7z020clg484-1
---------------------------------------------------------------------------------
Finished Loading Part and Timing Information : Time (s): cpu = 00:00:20 ; elapsed = 00:00:21 . Memory (MB): peak = 2184.203 ; gain = 536.285 ; free physical = 155 ; free virtual = 4556
---------------------------------------------------------------------------------
---------------------------------------------------------------------------------
Start Applying 'set_property' XDC Constraints
---------------------------------------------------------------------------------
Applied set_property KEEP_HIERARCHY = SOFT for U0. (constraint file  /home/vittorio/GitHub/CustomCPU/IP/project/CustomCPU_v1_0_project/CustomCPU_v1_0_project.runs/page_list_synth_1/dont_touch.xdc, line 9).
---------------------------------------------------------------------------------
Finished applying 'set_property' XDC Constraints : Time (s): cpu = 00:00:20 ; elapsed = 00:00:21 . Memory (MB): peak = 2184.203 ; gain = 536.285 ; free physical = 155 ; free virtual = 4556
---------------------------------------------------------------------------------
---------------------------------------------------------------------------------
Finished RTL Optimization Phase 2 : Time (s): cpu = 00:00:21 ; elapsed = 00:00:22 . Memory (MB): peak = 2184.203 ; gain = 536.285 ; free physical = 154 ; free virtual = 4555
---------------------------------------------------------------------------------
---------------------------------------------------------------------------------
Start RTL Component Statistics 
---------------------------------------------------------------------------------
Detailed RTL Component Info : 
+---Registers : 
	               19 Bit    Registers := 1     
---------------------------------------------------------------------------------
Finished RTL Component Statistics 
---------------------------------------------------------------------------------
---------------------------------------------------------------------------------
Start Part Resource Summary
---------------------------------------------------------------------------------
Part Resources:
DSPs: 220 (col length:60)
BRAMs: 280 (col length: RAMB18 60 RAMB36 30)
---------------------------------------------------------------------------------
Finished Part Resource Summary
---------------------------------------------------------------------------------
---------------------------------------------------------------------------------
Start Cross Boundary and Area Optimization
---------------------------------------------------------------------------------
WARNING: [Synth 8-7080] Parallel synthesis criteria is not met
WARNING: [Synth 8-7129] Port dpo[18] in module dist_mem_gen_v8_0_13 is either unconnected or has no load
WARNING: [Synth 8-7129] Port dpo[17] in module dist_mem_gen_v8_0_13 is either unconnected or has no load
WARNING: [Synth 8-7129] Port dpo[16] in module dist_mem_gen_v8_0_13 is either unconnected or has no load
WARNING: [Synth 8-7129] Port dpo[15] in module dist_mem_gen_v8_0_13 is either unconnected or has no load
WARNING: [Synth 8-7129] Port dpo[14] in module dist_mem_gen_v8_0_13 is either unconnected or has no load
WARNING: [Synth 8-7129] Port dpo[13] in module dist_mem_gen_v8_0_13 is either unconnected or has no load
WARNING: [Synth 8-7129] Port dpo[12] in module dist_mem_gen_v8_0_13 is either unconnected or has no load
WARNING: [Synth 8-7129] Port dpo[11] in module dist_mem_gen_v8_0_13 is either unconnected or has no load
WARNING: [Synth 8-7129] Port dpo[10] in module dist_mem_gen_v8_0_13 is either unconnected or has no load
WARNING: [Synth 8-7129] Port dpo[9] in module dist_mem_gen_v8_0_13 is either unconnected or has no load
WARNING: [Synth 8-7129] Port dpo[8] in module dist_mem_gen_v8_0_13 is either unconnected or has no load
WARNING: [Synth 8-7129] Port dpo[7] in module dist_mem_gen_v8_0_13 is either unconnected or has no load
WARNING: [Synth 8-7129] Port dpo[6] in module dist_mem_gen_v8_0_13 is either unconnected or has no load
WARNING: [Synth 8-7129] Port dpo[5] in module dist_mem_gen_v8_0_13 is either unconnected or has no load
WARNING: [Synth 8-7129] Port dpo[4] in module dist_mem_gen_v8_0_13 is either unconnected or has no load
INFO: [Common 17-14] Message 'Synth 8-7129' appears 100 times and further instances of the messages will be disabled. Use the Tcl command set_msg_config to change the current settings.
---------------------------------------------------------------------------------
Finished Cross Boundary and Area Optimization : Time (s): cpu = 00:00:22 ; elapsed = 00:00:23 . Memory (MB): peak = 2184.203 ; gain = 536.285 ; free physical = 154 ; free virtual = 4555
---------------------------------------------------------------------------------
---------------------------------------------------------------------------------
Start ROM, RAM, DSP, Shift Register and Retiming Reporting
---------------------------------------------------------------------------------

Distributed RAM: Preliminary Mapping Report (see note below)
+------------+-----------------------------------------------------------+-----------+----------------------+----------------+
|Module Name | RTL Object                                                | Inference | Size (Depth x Width) | Primitives     | 
+------------+-----------------------------------------------------------+-----------+----------------------+----------------+
|U0          | synth_options.dist_mem_inst/gen_sp_ram.spram_inst/ram_reg | Implied   | 64 x 19              | RAM64X1S x 19  | 
+------------+-----------------------------------------------------------+-----------+----------------------+----------------+

Note: The table above is a preliminary report that shows the Distributed RAMs at the current stage of the synthesis flow. Some Distributed RAMs may be reimplemented as non Distributed RAM primitives later in the synthesis flow. Multiple instantiated RAMs are reported only once.
---------------------------------------------------------------------------------
Finished ROM, RAM, DSP, Shift Register and Retiming Reporting
---------------------------------------------------------------------------------
---------------------------------------------------------------------------------
Start Applying XDC Timing Constraints
---------------------------------------------------------------------------------
---------------------------------------------------------------------------------
Finished Applying XDC Timing Constraints : Time (s): cpu = 00:00:30 ; elapsed = 00:00:32 . Memory (MB): peak = 2184.203 ; gain = 536.285 ; free physical = 141 ; free virtual = 4543
---------------------------------------------------------------------------------
---------------------------------------------------------------------------------
Start Timing Optimization
---------------------------------------------------------------------------------
---------------------------------------------------------------------------------
Finished Timing Optimization : Time (s): cpu = 00:00:30 ; elapsed = 00:00:32 . Memory (MB): peak = 2184.203 ; gain = 536.285 ; free physical = 141 ; free virtual = 4543
---------------------------------------------------------------------------------
---------------------------------------------------------------------------------
Start ROM, RAM, DSP, Shift Register and Retiming Reporting
---------------------------------------------------------------------------------

Distributed RAM: Final Mapping Report
+------------+-----------------------------------------------------------+-----------+----------------------+----------------+
|Module Name | RTL Object                                                | Inference | Size (Depth x Width) | Primitives     | 
+------------+-----------------------------------------------------------+-----------+----------------------+----------------+
|U0          | synth_options.dist_mem_inst/gen_sp_ram.spram_inst/ram_reg | Implied   | 64 x 19              | RAM64X1S x 19  | 
+------------+-----------------------------------------------------------+-----------+----------------------+----------------+

---------------------------------------------------------------------------------
Finished ROM, RAM, DSP, Shift Register and Retiming Reporting
---------------------------------------------------------------------------------
---------------------------------------------------------------------------------
Start Technology Mapping
---------------------------------------------------------------------------------
---------------------------------------------------------------------------------
Finished Technology Mapping : Time (s): cpu = 00:00:31 ; elapsed = 00:00:32 . Memory (MB): peak = 2184.203 ; gain = 536.285 ; free physical = 141 ; free virtual = 4542
---------------------------------------------------------------------------------
---------------------------------------------------------------------------------
Start IO Insertion
---------------------------------------------------------------------------------
---------------------------------------------------------------------------------
Start Flattening Before IO Insertion
---------------------------------------------------------------------------------
---------------------------------------------------------------------------------
Finished Flattening Before IO Insertion
---------------------------------------------------------------------------------
---------------------------------------------------------------------------------
Start Final Netlist Cleanup
---------------------------------------------------------------------------------
---------------------------------------------------------------------------------
Finished Final Netlist Cleanup
---------------------------------------------------------------------------------
---------------------------------------------------------------------------------
Finished IO Insertion : Time (s): cpu = 00:00:37 ; elapsed = 00:00:38 . Memory (MB): peak = 2184.203 ; gain = 536.285 ; free physical = 140 ; free virtual = 4542
---------------------------------------------------------------------------------
---------------------------------------------------------------------------------
Start Renaming Generated Instances
---------------------------------------------------------------------------------
---------------------------------------------------------------------------------
Finished Renaming Generated Instances : Time (s): cpu = 00:00:37 ; elapsed = 00:00:38 . Memory (MB): peak = 2184.203 ; gain = 536.285 ; free physical = 140 ; free virtual = 4542
---------------------------------------------------------------------------------
---------------------------------------------------------------------------------
Start Rebuilding User Hierarchy
---------------------------------------------------------------------------------
---------------------------------------------------------------------------------
Finished Rebuilding User Hierarchy : Time (s): cpu = 00:00:37 ; elapsed = 00:00:38 . Memory (MB): peak = 2184.203 ; gain = 536.285 ; free physical = 140 ; free virtual = 4542
---------------------------------------------------------------------------------
---------------------------------------------------------------------------------
Start Renaming Generated Ports
---------------------------------------------------------------------------------
---------------------------------------------------------------------------------
Finished Renaming Generated Ports : Time (s): cpu = 00:00:37 ; elapsed = 00:00:38 . Memory (MB): peak = 2184.203 ; gain = 536.285 ; free physical = 140 ; free virtual = 4542
---------------------------------------------------------------------------------
---------------------------------------------------------------------------------
Start Handling Custom Attributes
---------------------------------------------------------------------------------
---------------------------------------------------------------------------------
Finished Handling Custom Attributes : Time (s): cpu = 00:00:37 ; elapsed = 00:00:38 . Memory (MB): peak = 2184.203 ; gain = 536.285 ; free physical = 140 ; free virtual = 4542
---------------------------------------------------------------------------------
---------------------------------------------------------------------------------
Start Renaming Generated Nets
---------------------------------------------------------------------------------
---------------------------------------------------------------------------------
Finished Renaming Generated Nets : Time (s): cpu = 00:00:37 ; elapsed = 00:00:38 . Memory (MB): peak = 2184.203 ; gain = 536.285 ; free physical = 140 ; free virtual = 4542
---------------------------------------------------------------------------------
---------------------------------------------------------------------------------
Start Writing Synthesis Report
---------------------------------------------------------------------------------

Report BlackBoxes: 
+-+--------------+----------+
| |BlackBox name |Instances |
+-+--------------+----------+
+-+--------------+----------+

Report Cell Usage: 
+------+---------+------+
|      |Cell     |Count |
+------+---------+------+
|1     |RAM64X1S |    19|
|2     |FDRE     |    19|
+------+---------+------+
---------------------------------------------------------------------------------
Finished Writing Synthesis Report : Time (s): cpu = 00:00:37 ; elapsed = 00:00:38 . Memory (MB): peak = 2184.203 ; gain = 536.285 ; free physical = 140 ; free virtual = 4542
---------------------------------------------------------------------------------
Synthesis finished with 0 errors, 0 critical warnings and 72 warnings.
Synthesis Optimization Runtime : Time (s): cpu = 00:00:34 ; elapsed = 00:00:35 . Memory (MB): peak = 2184.203 ; gain = 465.551 ; free physical = 141 ; free virtual = 4542
Synthesis Optimization Complete : Time (s): cpu = 00:00:37 ; elapsed = 00:00:38 . Memory (MB): peak = 2184.211 ; gain = 536.285 ; free physical = 141 ; free virtual = 4542
INFO: [Project 1-571] Translating synthesized netlist
Netlist sorting complete. Time (s): cpu = 00:00:00 ; elapsed = 00:00:00 . Memory (MB): peak = 2184.211 ; gain = 0.000 ; free physical = 386 ; free virtual = 4787
INFO: [Netlist 29-17] Analyzing 19 Unisim elements for replacement
INFO: [Netlist 29-28] Unisim Transformation completed in 5 CPU seconds
INFO: [Project 1-570] Preparing netlist for logic optimization
INFO: [Opt 31-138] Pushed 0 inverter(s) to 0 load pin(s).
Netlist sorting complete. Time (s): cpu = 00:00:00 ; elapsed = 00:00:00 . Memory (MB): peak = 2184.211 ; gain = 0.000 ; free physical = 407 ; free virtual = 4808
INFO: [Project 1-111] Unisim Transformation Summary:
  A total of 19 instances were transformed.
  RAM64X1S => RAM64X1S (RAMS64E): 19 instances

Synth Design complete | Checksum: cfd5a053
INFO: [Common 17-83] Releasing license: Synthesis
24 Infos, 102 Warnings, 0 Critical Warnings and 0 Errors encountered.
synth_design completed successfully
synth_design: Time (s): cpu = 00:00:49 ; elapsed = 00:00:46 . Memory (MB): peak = 2184.211 ; gain = 877.855 ; free physical = 407 ; free virtual = 4809
INFO: [Common 17-2834] synth_design peak Physical Memory [PSS] (MB): overall = 1774.540; main = 1460.854; forked = 364.471
INFO: [Common 17-2834] synth_design peak Virtual Memory [VSS] (MB): overall = 3149.430; main = 2184.207; forked = 965.223
INFO: [Common 17-1381] The checkpoint '/home/vittorio/GitHub/CustomCPU/IP/project/CustomCPU_v1_0_project/CustomCPU_v1_0_project.runs/page_list_synth_1/page_list.dcp' has been generated.
INFO: [Coretcl 2-1648] Added synthesis output to IP cache for IP page_list, cache-ID = 55ce2ee155e8f45f
INFO: [Coretcl 2-1174] Renamed 3 cell refs.
INFO: [Common 17-1381] The checkpoint '/home/vittorio/GitHub/CustomCPU/IP/project/CustomCPU_v1_0_project/CustomCPU_v1_0_project.runs/page_list_synth_1/page_list.dcp' has been generated.
INFO: [runtcl-4] Executing : report_utilization -file page_list_utilization_synth.rpt -pb page_list_utilization_synth.pb
INFO: [Common 17-206] Exiting Vivado at Thu Jul 20 11:31:40 2023...
