Vivado Simulator v2023.1
Copyright 1986-2022 Xilinx, Inc. All Rights Reserved.
Copyright 2022-2023 Advanced Micro Devices, Inc. All Rights Reserved.
Running: /opt/Xilinx/Vivado/2023.1/bin/unwrapped/lnx64.o/xelab --incr --debug typical --relax --mt 8 -L xil_defaultlib -L secureip -L xpm --snapshot cpu_fetch_testbench_behav xil_defaultlib.cpu_fetch_testbench -log elaborate.log 
Using 8 slave threads.
Starting static elaboration
Completed static elaboration
Starting simulation data flow analysis
Completed simulation data flow analysis
Time Resolution for simulation is 1ps
Compiling package std.standard
Compiling package std.textio
Compiling package ieee.std_logic_1164
Compiling package ieee.numeric_std
Compiling package unisim.vcomponents
Compiling package ieee.vital_timing
Compiling package ieee.vital_primitives
Compiling package unisim.vpkg
Compiling package ieee.std_logic_arith
Compiling package ieee.std_logic_signed
Compiling package ieee.std_logic_textio
Compiling architecture gnd_v of entity unisim.GND [gnd_default]
Compiling architecture fdre_v of entity unisim.FDRE [fdre_default]
Compiling architecture lut2_v of entity unisim.LUT2 [\LUT2(init="0110")(0,3)\]
Compiling architecture lut3_v of entity unisim.LUT3 [\LUT3(init="11111110")(0,7)\]
Compiling architecture srl16e_v of entity unisim.SRL16E [\SRL16E(0,15)\]
Compiling architecture lut4_v of entity unisim.LUT4 [\LUT4(init="1111111111111101")(0...]
Compiling architecture rb36_internal_vhdl_v of entity unisim.RB36_INTERNAL_VHDL [\RB36_INTERNAL_VHDL(init_00="000...]
Compiling architecture ramb36e1_v of entity unisim.RAMB36E1 [\RAMB36E1(init_00="0000000010010...]
Compiling architecture lut2_v of entity unisim.LUT2 [\LUT2(init="1110")(0,3)\]
Compiling architecture lut2_v of entity unisim.LUT2 [\LUT2(init="1011")(0,3)\]
Compiling architecture structure of entity xil_defaultlib.blk_mem_gen_0_blk_mem_gen_prim_wrapper_init [blk_mem_gen_0_blk_mem_gen_prim_w...]
Compiling architecture structure of entity xil_defaultlib.blk_mem_gen_0_blk_mem_gen_prim_width [blk_mem_gen_0_blk_mem_gen_prim_w...]
Compiling architecture structure of entity xil_defaultlib.blk_mem_gen_0_blk_mem_gen_generic_cstr [blk_mem_gen_0_blk_mem_gen_generi...]
Compiling architecture structure of entity xil_defaultlib.blk_mem_gen_0_blk_mem_gen_top [blk_mem_gen_0_blk_mem_gen_top_de...]
Compiling architecture lut5_v of entity unisim.LUT5 [\LUT5(init="00001000000000000000...]
Compiling architecture lut4_v of entity unisim.LUT4 [\LUT4(init="0000100000000000")(0...]
Compiling architecture lut2_v of entity unisim.LUT2 [\LUT2(init="0010")(0,3)\]
Compiling architecture lut6_v of entity unisim.LUT6 [\LUT6(init="01111111111111111111...]
Compiling architecture lut5_v of entity unisim.LUT5 [\LUT5(init="01111111111111111111...]
Compiling architecture lut4_v of entity unisim.LUT4 [\LUT4(init="0111111111111111")(0...]
Compiling architecture lut3_v of entity unisim.LUT3 [\LUT3(init="01111111")(0,7)\]
Compiling architecture lut6_v of entity unisim.LUT6 [\LUT6(init="10011100110011001101...]
Compiling architecture lut5_v of entity unisim.LUT5 [\LUT5(init="10011100110111011001...]
Compiling architecture lut6_v of entity unisim.LUT6 [\LUT6(init="11001001110011001101...]
Compiling architecture lut5_v of entity unisim.LUT5 [\LUT5(init="11100001111101011110...]
Compiling architecture lut5_v of entity unisim.LUT5 [\LUT5(init="11001001110111011100...]
Compiling architecture lut5_v of entity unisim.LUT5 [\LUT5(init="11011111110111010000...]
Compiling architecture lut6_v of entity unisim.LUT6 [\LUT6(init="00001100111110101111...]
Compiling architecture lut6_v of entity unisim.LUT6 [\LUT6(init="10101010111111111010...]
Compiling architecture lut6_v of entity unisim.LUT6 [\LUT6(init="00000000111111111000...]
Compiling architecture lut6_v of entity unisim.LUT6 [\LUT6(init="00000000000000000000...]
Compiling architecture lut5_v of entity unisim.LUT5 [\LUT5(init="11111111101010110000...]
Compiling architecture lut6_v of entity unisim.LUT6 [\LUT6(init="10101010101010101010...]
Compiling architecture lut6_v of entity unisim.LUT6 [\LUT6(init="11111111111111111111...]
Compiling architecture lut4_v of entity unisim.LUT4 [\LUT4(init="0000000000000001")(0...]
Compiling architecture lut6_v of entity unisim.LUT6 [\LUT6(init="11000101000000001100...]
Compiling architecture lut6_v of entity unisim.LUT6 [\LUT6(init="11111111111111111111...]
Compiling architecture lut3_v of entity unisim.LUT3 [\LUT3(init="01000101")(0,7)\]
Compiling architecture lut6_v of entity unisim.LUT6 [\LUT6(init="11111111111111101111...]
Compiling architecture lut5_v of entity unisim.LUT5 [\LUT5(init="10101010101010101010...]
Compiling architecture lut5_v of entity unisim.LUT5 [\LUT5(init="00100010011000100111...]
Compiling architecture lut6_v of entity unisim.LUT6 [\LUT6(init="10110100101101111011...]
Compiling architecture lut5_v of entity unisim.LUT5 [\LUT5(init="10101001111111111010...]
Compiling architecture lut6_v of entity unisim.LUT6 [\LUT6(init="11111011111110111111...]
Compiling architecture lut6_v of entity unisim.LUT6 [\LUT6(init="01111000010010000111...]
Compiling architecture lut6_v of entity unisim.LUT6 [\LUT6(init="10111111010000001011...]
Compiling architecture lut6_v of entity unisim.LUT6 [\LUT6(init="10111000101110111011...]
Compiling architecture lut6_v of entity unisim.LUT6 [\LUT6(init="11110011111100111111...]
Compiling architecture lut6_v of entity unisim.LUT6 [\LUT6(init="01001100011111010100...]
Compiling architecture lut5_v of entity unisim.LUT5 [\LUT5(init="01000100000001000100...]
Compiling architecture lut1_v of entity unisim.LUT1 [\LUT1(init="0001")(0,3)\]
Compiling architecture lut6_v of entity unisim.LUT6 [\LUT6(init="00000000000000000000...]
Compiling architecture lut6_v of entity unisim.LUT6 [\LUT6(init="00000000000000000000...]
Compiling architecture lut5_v of entity unisim.LUT5 [\LUT5(init="11010000000000000000...]
Compiling architecture lut5_v of entity unisim.LUT5 [\LUT5(init="01000000000000000000...]
Compiling architecture lut6_v of entity unisim.LUT6 [\LUT6(init="11111111111111110000...]
Compiling architecture lut6_v of entity unisim.LUT6 [\LUT6(init="00000000000000000000...]
Compiling architecture lut4_v of entity unisim.LUT4 [\LUT4(init="1111111111111110")(0...]
Compiling architecture lut3_v of entity unisim.LUT3 [\LUT3(init="00000001")(0,7)\]
Compiling architecture lut6_v of entity unisim.LUT6 [\LUT6(init="11101011111110101111...]
Compiling architecture lut6_v of entity unisim.LUT6 [\LUT6(init="11111111111111111111...]
Compiling architecture lut6_v of entity unisim.LUT6 [\LUT6(init="10101010101010101010...]
Compiling architecture lut4_v of entity unisim.LUT4 [\LUT4(init="1111101100001000")(0...]
Compiling architecture lut6_v of entity unisim.LUT6 [\LUT6(init="11111010111010111111...]
Compiling architecture lut6_v of entity unisim.LUT6 [\LUT6(init="11111110101010111111...]
Compiling architecture lut6_v of entity unisim.LUT6 [\LUT6(init="01111000011110110111...]
Compiling architecture lut3_v of entity unisim.LUT3 [\LUT3(init="01000111")(0,7)\]
Compiling architecture lut6_v of entity unisim.LUT6 [\LUT6(init="10110100100001001011...]
Compiling architecture lut5_v of entity unisim.LUT5 [\LUT5(init="01010101010101101010...]
Compiling architecture lut6_v of entity unisim.LUT6 [\LUT6(init="11111111111111111111...]
Compiling architecture lut4_v of entity unisim.LUT4 [\LUT4(init="1010101110101000")(0...]
Compiling architecture lut4_v of entity unisim.LUT4 [\LUT4(init="1010100000001000")(0...]
Compiling architecture lut5_v of entity unisim.LUT5 [\LUT5(init="00000000000000001111...]
Compiling architecture lut6_v of entity unisim.LUT6 [\LUT6(init="00001100000000000000...]
Compiling architecture lut6_v of entity unisim.LUT6 [\LUT6(init="10111010101010101111...]
Compiling architecture lut5_v of entity unisim.LUT5 [\LUT5(init="00000000000000000000...]
Compiling architecture lut6_v of entity unisim.LUT6 [\LUT6(init="10111011111110111011...]
Compiling architecture lut6_v of entity unisim.LUT6 [\LUT6(init="11110011000000001010...]
Compiling architecture structure of entity xil_defaultlib.blk_mem_gen_0_blk_mem_axi_read_fsm [blk_mem_gen_0_blk_mem_axi_read_f...]
Compiling architecture lut5_v of entity unisim.LUT5 [\LUT5(init="10101010101010101010...]
Compiling architecture lut5_v of entity unisim.LUT5 [\LUT5(init="11111111111111111111...]
Compiling architecture lut5_v of entity unisim.LUT5 [\LUT5(init="11111111111110110000...]
Compiling architecture lut6_v of entity unisim.LUT6 [\LUT6(init="11111111111111111111...]
Compiling architecture fdse_v of entity unisim.FDSE [fdse_default]
Compiling architecture lut6_v of entity unisim.LUT6 [\LUT6(init="11111111111111110000...]
Compiling architecture lut6_v of entity unisim.LUT6 [\LUT6(init="00000000000000000000...]
Compiling architecture lut6_v of entity unisim.LUT6 [\LUT6(init="00000000000000000000...]
Compiling architecture lut6_v of entity unisim.LUT6 [\LUT6(init="00000000000000000000...]
Compiling architecture lut6_v of entity unisim.LUT6 [\LUT6(init="00000000000000110000...]
Compiling architecture lut6_v of entity unisim.LUT6 [\LUT6(init="00000101000001010000...]
Compiling architecture lut6_v of entity unisim.LUT6 [\LUT6(init="00001111000000110000...]
Compiling architecture lut6_v of entity unisim.LUT6 [\LUT6(init="11111111111111111111...]
Compiling architecture lut6_v of entity unisim.LUT6 [\LUT6(init="00000000100000000000...]
Compiling architecture lut3_v of entity unisim.LUT3 [\LUT3(init="00100000")(0,7)\]
Compiling architecture lut4_v of entity unisim.LUT4 [\LUT4(init="1111110011111101")(0...]
Compiling architecture lut5_v of entity unisim.LUT5 [\LUT5(init="11111111111100001111...]
Compiling architecture lut3_v of entity unisim.LUT3 [\LUT3(init="00000010")(0,7)\]
Compiling architecture structure of entity xil_defaultlib.blk_mem_gen_0_blk_mem_axi_read_wrapper [blk_mem_gen_0_blk_mem_axi_read_w...]
Compiling architecture lut3_v of entity unisim.LUT3 [\LUT3(init="10101001")(0,7)\]
Compiling architecture lut6_v of entity unisim.LUT6 [\LUT6(init="10101010101010101010...]
Compiling architecture lut5_v of entity unisim.LUT5 [\LUT5(init="10101010101010100110...]
Compiling architecture lut4_v of entity unisim.LUT4 [\LUT4(init="1010101001101010")(0...]
Compiling architecture lut6_v of entity unisim.LUT6 [\LUT6(init="00000000000000000000...]
Compiling architecture lut3_v of entity unisim.LUT3 [\LUT3(init="01101010")(0,7)\]
Compiling architecture lut6_v of entity unisim.LUT6 [\LUT6(init="10101010101001101010...]
Compiling architecture lut6_v of entity unisim.LUT6 [\LUT6(init="11111111110111111111...]
Compiling architecture lut5_v of entity unisim.LUT5 [\LUT5(init="10101010100110101010...]
Compiling architecture lut4_v of entity unisim.LUT4 [\LUT4(init="1010101010011010")(0...]
Compiling architecture lut4_v of entity unisim.LUT4 [\LUT4(init="1011111010101010")(0...]
Compiling architecture lut6_v of entity unisim.LUT6 [\LUT6(init="10101010101011111010...]
Compiling architecture lut5_v of entity unisim.LUT5 [\LUT5(init="01010101000000000000...]
Compiling architecture lut6_v of entity unisim.LUT6 [\LUT6(init="01010101000000001111...]
Compiling architecture lut5_v of entity unisim.LUT5 [\LUT5(init="00000001000000000000...]
Compiling architecture lut2_v of entity unisim.LUT2 [\LUT2(init="1000")(0,3)\]
Compiling architecture lut3_v of entity unisim.LUT3 [\LUT3(init="01111000")(0,7)\]
Compiling architecture lut6_v of entity unisim.LUT6 [\LUT6(init="00000000000000000000...]
Compiling architecture lut6_v of entity unisim.LUT6 [\LUT6(init="11111111111111111000...]
Compiling architecture lut3_v of entity unisim.LUT3 [\LUT3(init="11101111")(0,7)\]
Compiling architecture lut5_v of entity unisim.LUT5 [\LUT5(init="00000000100010100000...]
Compiling architecture lut4_v of entity unisim.LUT4 [\LUT4(init="0000000000000010")(0...]
Compiling architecture lut6_v of entity unisim.LUT6 [\LUT6(init="11110000111100001011...]
Compiling architecture lut6_v of entity unisim.LUT6 [\LUT6(init="00000000000000000000...]
Compiling architecture lut6_v of entity unisim.LUT6 [\LUT6(init="11111111111111111010...]
Compiling architecture lut6_v of entity unisim.LUT6 [\LUT6(init="00001000111110111111...]
Compiling architecture lut6_v of entity unisim.LUT6 [\LUT6(init="00000000000000000000...]
Compiling architecture lut6_v of entity unisim.LUT6 [\LUT6(init="00000000101000101111...]
Compiling architecture lut6_v of entity unisim.LUT6 [\LUT6(init="00000000000000001111...]
Compiling architecture lut6_v of entity unisim.LUT6 [\LUT6(init="10001010101010101010...]
Compiling architecture lut5_v of entity unisim.LUT5 [\LUT5(init="00000000000000001101...]
Compiling architecture lut6_v of entity unisim.LUT6 [\LUT6(init="00000000000000001010...]
Compiling architecture lut6_v of entity unisim.LUT6 [\LUT6(init="11111111101011100000...]
Compiling architecture lut5_v of entity unisim.LUT5 [\LUT5(init="01111111000100010110...]
Compiling architecture structure of entity xil_defaultlib.blk_mem_gen_0_blk_mem_axi_write_fsm [blk_mem_gen_0_blk_mem_axi_write_...]
Compiling architecture lut6_v of entity unisim.LUT6 [\LUT6(init="10010101100101011001...]
Compiling architecture lut6_v of entity unisim.LUT6 [\LUT6(init="11001100001111000011...]
Compiling architecture lut6_v of entity unisim.LUT6 [\LUT6(init="10101010011010100110...]
Compiling architecture ram32m_v of entity unisim.RAM32M [ram32m_default]
Compiling architecture ram32x1d_v of entity unisim.RAM32X1D [ram32x1d_default]
Compiling architecture lut4_v of entity unisim.LUT4 [\LUT4(init="0110101010101010")(0...]
Compiling architecture lut5_v of entity unisim.LUT5 [\LUT5(init="11111110111111111010...]
Compiling architecture lut6_v of entity unisim.LUT6 [\LUT6(init="00001111000011110101...]
Compiling architecture lut6_v of entity unisim.LUT6 [\LUT6(init="00000000000000000000...]
Compiling architecture lut6_v of entity unisim.LUT6 [\LUT6(init="00000000000000010001...]
Compiling architecture lut6_v of entity unisim.LUT6 [\LUT6(init="00000000000011110000...]
Compiling architecture lut6_v of entity unisim.LUT6 [\LUT6(init="00010101000101011111...]
Compiling architecture lut6_v of entity unisim.LUT6 [\LUT6(init="11111111111111111111...]
Compiling architecture lut4_v of entity unisim.LUT4 [\LUT4(init="1000011101111000")(0...]
Compiling architecture lut5_v of entity unisim.LUT5 [\LUT5(init="01010110011010100110...]
Compiling architecture lut3_v of entity unisim.LUT3 [\LUT3(init="11100001")(0,7)\]
Compiling architecture lut4_v of entity unisim.LUT4 [\LUT4(init="1111111000000001")(0...]
Compiling architecture lut6_v of entity unisim.LUT6 [\LUT6(init="11111111111111111111...]
Compiling architecture structure of entity xil_defaultlib.blk_mem_gen_0_blk_mem_axi_write_wrapper [blk_mem_gen_0_blk_mem_axi_write_...]
Compiling architecture structure of entity xil_defaultlib.blk_mem_gen_0_blk_mem_gen_v8_4_6_synth [blk_mem_gen_0_blk_mem_gen_v8_4_6...]
Compiling architecture structure of entity xil_defaultlib.blk_mem_gen_0_blk_mem_gen_v8_4_6 [blk_mem_gen_0_blk_mem_gen_v8_4_6...]
Compiling architecture structure of entity xil_defaultlib.blk_mem_gen_0 [blk_mem_gen_0_default]
Compiling architecture behavioral of entity xil_defaultlib.program_counter [program_counter_default]
Compiling architecture behavioral of entity xil_defaultlib.fetch_stage_controller [fetch_stage_controller_default]
Compiling architecture ram64x1s_v of entity unisim.RAM64X1S [ram64x1s_default]
Compiling architecture structure of entity xil_defaultlib.page_list_spram [page_list_spram_default]
Compiling architecture structure of entity xil_defaultlib.page_list_dist_mem_gen_v8_0_13_synth [page_list_dist_mem_gen_v8_0_13_s...]
Compiling architecture structure of entity xil_defaultlib.page_list_dist_mem_gen_v8_0_13 [page_list_dist_mem_gen_v8_0_13_d...]
Compiling architecture structure of entity xil_defaultlib.page_list [page_list_default]
Compiling architecture ram64x1s_v of entity unisim.RAM64X1S [\RAM64X1S(init="0000000000000000...]
Compiling architecture structure of entity xil_defaultlib.cache_block_spram [cache_block_spram_default]
Compiling architecture structure of entity xil_defaultlib.cache_block_dist_mem_gen_v8_0_13_synth [cache_block_dist_mem_gen_v8_0_13...]
Compiling architecture structure of entity xil_defaultlib.cache_block_dist_mem_gen_v8_0_13 [cache_block_dist_mem_gen_v8_0_13...]
Compiling architecture structure of entity xil_defaultlib.cache_block [cache_block_default]
Compiling architecture implementation of entity xil_defaultlib.CustomCPU_v1_0_memory_bus [\CustomCPU_v1_0_memory_bus(0,31)...]
Compiling architecture behavioral of entity xil_defaultlib.cache [\cache(cache_offset_address_dime...]
Compiling architecture behavioral of entity xil_defaultlib.cache_register [cache_register_default]
Compiling architecture behavioral of entity xil_defaultlib.memory_interface [\memory_interface(0,31)\]
Compiling architecture behavioral of entity xil_defaultlib.decode [decode_default]
Compiling architecture structure of entity xil_defaultlib.register_array_dpram [register_array_dpram_default]
Compiling architecture structure of entity xil_defaultlib.register_array_dist_mem_gen_v8_0_13_synth [register_array_dist_mem_gen_v8_0...]
Compiling architecture structure of entity xil_defaultlib.register_array_dist_mem_gen_v8_0_13 [register_array_dist_mem_gen_v8_0...]
Compiling architecture structure of entity xil_defaultlib.register_array [register_array_default]
Compiling architecture behavioral of entity xil_defaultlib.register_file [register_file_default]
Compiling architecture behavioral of entity xil_defaultlib.decode_stage [decode_stage_default]
Compiling architecture behavioral of entity xil_defaultlib.ALU [alu_default]
Compiling architecture behavioral of entity xil_defaultlib.execute_stage [execute_stage_default]
Compiling architecture behavioral of entity xil_defaultlib.memory_access_stage [memory_access_stage_default]
Compiling architecture behavioral of entity xil_defaultlib.pipeline_manager [pipeline_manager_default]
Compiling architecture arch_imp of entity xil_defaultlib.CustomCPU_v1_0 [\CustomCPU_v1_0(0,31)\]
Compiling architecture behavioral of entity xil_defaultlib.cpu_fetch_testbench
Built simulation snapshot cpu_fetch_testbench_behav
