INFO: [VRFC 10-163] Analyzing VHDL file "/home/vittorio/GitHub/CustomCPU/IP/project/CustomCPU_v1_0_project/CustomCPU_v1_0_project.sim/sim_1/synth/func/xsim/cpu_fetch_testbench_func_synth.vhd" into library xil_defaultlib
INFO: [VRFC 10-3107] analyzing entity 'ALU'
INFO: [VRFC 10-3107] analyzing entity 'CustomCPU_v1_0_memory_bus'
INFO: [VRFC 10-3107] analyzing entity 'cache_register'
INFO: [VRFC 10-3107] analyzing entity 'memory_access_stage'
INFO: [VRFC 10-3107] analyzing entity 'program_counter'
INFO: [VRFC 10-3107] analyzing entity 'cache_block_spram'
INFO: [VRFC 10-3107] analyzing entity 'page_list_spram'
INFO: [VRFC 10-3107] analyzing entity 'register_array_dpram'
INFO: [VRFC 10-3107] analyzing entity 'execute_stage'
INFO: [VRFC 10-3107] analyzing entity 'fetch_stage_controller'
INFO: [VRFC 10-3107] analyzing entity 'cache_block_dist_mem_gen_v8_0_13_synth'
INFO: [VRFC 10-3107] analyzing entity 'page_list_dist_mem_gen_v8_0_13_synth'
INFO: [VRFC 10-3107] analyzing entity 'register_array_dist_mem_gen_v8_0_13_synth'
INFO: [VRFC 10-3107] analyzing entity 'cache_block_dist_mem_gen_v8_0_13'
INFO: [VRFC 10-3107] analyzing entity 'page_list_dist_mem_gen_v8_0_13'
INFO: [VRFC 10-3107] analyzing entity 'register_array_dist_mem_gen_v8_0_13'
INFO: [VRFC 10-3107] analyzing entity 'cache_block'
INFO: [VRFC 10-3107] analyzing entity 'page_list'
INFO: [VRFC 10-3107] analyzing entity 'register_array'
INFO: [VRFC 10-3107] analyzing entity 'cache'
INFO: [VRFC 10-3107] analyzing entity 'register_file'
INFO: [VRFC 10-3107] analyzing entity 'decode_stage'
INFO: [VRFC 10-3107] analyzing entity 'memory_interface'
INFO: [VRFC 10-3107] analyzing entity 'CustomCPU_v1_0'
INFO: [VRFC 10-163] Analyzing VHDL file "/home/vittorio/GitHub/CustomCPU/IP/project/CustomCPU_v1_0_project/CustomCPU_v1_0_project.srcs/sim_1/new/cpu_fetch_testbench.vhd" into library xil_defaultlib
INFO: [VRFC 10-3107] analyzing entity 'cpu_fetch_testbench'
