Vivado Simulator v2023.1
Copyright 1986-2022 Xilinx, Inc. All Rights Reserved.
Copyright 2022-2023 Advanced Micro Devices, Inc. All Rights Reserved.
Running: /opt/Xilinx/Vivado/2023.1/bin/unwrapped/lnx64.o/xelab --incr --debug typical --relax --mt 8 -L xil_defaultlib -L secureip --snapshot cpu_fetch_testbench_func_synth xil_defaultlib.cpu_fetch_testbench -log elaborate.log 
Using 8 slave threads.
Starting static elaboration
Completed static elaboration
Starting simulation data flow analysis
Completed simulation data flow analysis
Time Resolution for simulation is 1ps
Compiling package std.standard
Compiling package std.textio
Compiling package ieee.std_logic_1164
Compiling package ieee.numeric_std
Compiling package unisim.vcomponents
Compiling package ieee.vital_timing
Compiling package ieee.vital_primitives
Compiling package unisim.vpkg
Compiling package ieee.std_logic_arith
Compiling package ieee.std_logic_signed
Compiling package ieee.std_logic_textio
Compiling architecture obuf_v of entity unisim.OBUF [\OBUF(1,9)(1,7)(1,4)\]
Compiling architecture bufg_v of entity unisim.BUFG [bufg_default]
Compiling architecture ibuf_v of entity unisim.IBUF [\IBUF(1,9)(1,1)(1,4)(1,7)\]
Compiling architecture fdre_v of entity unisim.FDRE [fdre_default]
Compiling architecture lut4_v of entity unisim.LUT4 [\LUT4(init="0010111000000000")(0...]
Compiling architecture ldce_v of entity unisim.LDCE [\LDCE(is_g_inverted='1')\]
Compiling architecture lut1_v of entity unisim.LUT1 [\LUT1(init="0001")(0,3)\]
Compiling architecture lut2_v of entity unisim.LUT2 [\LUT2(init="1000")(0,3)\]
Compiling architecture carry4_v of entity unisim.CARRY4 [carry4_default]
Compiling architecture lut2_v of entity unisim.LUT2 [\LUT2(init="0111")(0,3)\]
Compiling architecture structure of entity xil_defaultlib.program_counter [program_counter_default]
Compiling architecture structure of entity xil_defaultlib.fetch_stage_controller [fetch_stage_controller_default]
Compiling architecture lut4_v of entity unisim.LUT4 [\LUT4(init="0000000000110010")(0...]
Compiling architecture lut5_v of entity unisim.LUT5 [\LUT5(init="00000000000000000000...]
Compiling architecture lut5_v of entity unisim.LUT5 [\LUT5(init="00000000000000000011...]
Compiling architecture lut5_v of entity unisim.LUT5 [\LUT5(init="00000000000000101100...]
Compiling architecture gnd_v of entity unisim.GND [gnd_default]
Compiling architecture lut5_v of entity unisim.LUT5 [\LUT5(init="00000000000000000000...]
Compiling architecture lut5_v of entity unisim.LUT5 [\LUT5(init="00000001000000000000...]
Compiling architecture lut5_v of entity unisim.LUT5 [\LUT5(init="01000000000000000000...]
Compiling architecture lut5_v of entity unisim.LUT5 [\LUT5(init="10000000000000000000...]
Compiling architecture lut5_v of entity unisim.LUT5 [\LUT5(init="00010000000000000000...]
Compiling architecture structure of entity xil_defaultlib.blk_mem_gen_0_bindec [blk_mem_gen_0_bindec_default]
Compiling architecture muxf8_v of entity unisim.MUXF8 [muxf8_default]
Compiling architecture muxf7_v of entity unisim.MUXF7 [muxf7_default]
Compiling architecture lut6_v of entity unisim.LUT6 [\LUT6(init="10101111101000001100...]
Compiling architecture structure of entity xil_defaultlib.blk_mem_gen_0_blk_mem_gen_mux [blk_mem_gen_0_blk_mem_gen_mux_de...]
Compiling architecture rb36_internal_vhdl_v of entity unisim.RB36_INTERNAL_VHDL [\RB36_INTERNAL_VHDL(doa_reg=1,in...]
Compiling architecture ramb36e1_v of entity unisim.RAMB36E1 [\RAMB36E1(doa_reg=1,initp_00="00...]
Compiling architecture structure of entity xil_defaultlib.blk_mem_gen_0_blk_mem_gen_prim_wrapper_init [blk_mem_gen_0_blk_mem_gen_prim_w...]
Compiling architecture structure of entity xil_defaultlib.blk_mem_gen_0_blk_mem_gen_prim_width [blk_mem_gen_0_blk_mem_gen_prim_w...]
Compiling architecture rb36_internal_vhdl_v of entity unisim.RB36_INTERNAL_VHDL [\RB36_INTERNAL_VHDL(doa_reg=1,in...]
Compiling architecture ramb36e1_v of entity unisim.RAMB36E1 [\RAMB36E1(doa_reg=1,rdaddr_colli...]
Compiling architecture structure of entity xil_defaultlib.\blk_mem_gen_0_blk_mem_gen_prim_wrapper_init__parameterized9\ [\blk_mem_gen_0_blk_mem_gen_prim_...]
Compiling architecture structure of entity xil_defaultlib.\blk_mem_gen_0_blk_mem_gen_prim_width__parameterized9\ [\blk_mem_gen_0_blk_mem_gen_prim_...]
Compiling architecture structure of entity xil_defaultlib.\blk_mem_gen_0_blk_mem_gen_prim_wrapper_init__parameterized10\ [\blk_mem_gen_0_blk_mem_gen_prim_...]
Compiling architecture structure of entity xil_defaultlib.\blk_mem_gen_0_blk_mem_gen_prim_width__parameterized10\ [\blk_mem_gen_0_blk_mem_gen_prim_...]
Compiling architecture structure of entity xil_defaultlib.\blk_mem_gen_0_blk_mem_gen_prim_wrapper_init__parameterized11\ [\blk_mem_gen_0_blk_mem_gen_prim_...]
Compiling architecture structure of entity xil_defaultlib.\blk_mem_gen_0_blk_mem_gen_prim_width__parameterized11\ [\blk_mem_gen_0_blk_mem_gen_prim_...]
Compiling architecture structure of entity xil_defaultlib.\blk_mem_gen_0_blk_mem_gen_prim_wrapper_init__parameterized12\ [\blk_mem_gen_0_blk_mem_gen_prim_...]
Compiling architecture structure of entity xil_defaultlib.\blk_mem_gen_0_blk_mem_gen_prim_width__parameterized12\ [\blk_mem_gen_0_blk_mem_gen_prim_...]
Compiling architecture structure of entity xil_defaultlib.\blk_mem_gen_0_blk_mem_gen_prim_wrapper_init__parameterized13\ [\blk_mem_gen_0_blk_mem_gen_prim_...]
Compiling architecture structure of entity xil_defaultlib.\blk_mem_gen_0_blk_mem_gen_prim_width__parameterized13\ [\blk_mem_gen_0_blk_mem_gen_prim_...]
Compiling architecture structure of entity xil_defaultlib.\blk_mem_gen_0_blk_mem_gen_prim_wrapper_init__parameterized14\ [\blk_mem_gen_0_blk_mem_gen_prim_...]
Compiling architecture structure of entity xil_defaultlib.\blk_mem_gen_0_blk_mem_gen_prim_width__parameterized14\ [\blk_mem_gen_0_blk_mem_gen_prim_...]
Compiling architecture rb36_internal_vhdl_v of entity unisim.RB36_INTERNAL_VHDL [\RB36_INTERNAL_VHDL(doa_reg=1,in...]
Compiling architecture ramb36e1_v of entity unisim.RAMB36E1 [\RAMB36E1(doa_reg=1,initp_00="00...]
Compiling architecture structure of entity xil_defaultlib.\blk_mem_gen_0_blk_mem_gen_prim_wrapper_init__parameterized15\ [\blk_mem_gen_0_blk_mem_gen_prim_...]
Compiling architecture structure of entity xil_defaultlib.\blk_mem_gen_0_blk_mem_gen_prim_width__parameterized15\ [\blk_mem_gen_0_blk_mem_gen_prim_...]
Compiling architecture structure of entity xil_defaultlib.\blk_mem_gen_0_blk_mem_gen_prim_wrapper_init__parameterized16\ [\blk_mem_gen_0_blk_mem_gen_prim_...]
Compiling architecture structure of entity xil_defaultlib.\blk_mem_gen_0_blk_mem_gen_prim_width__parameterized16\ [\blk_mem_gen_0_blk_mem_gen_prim_...]
Compiling architecture structure of entity xil_defaultlib.\blk_mem_gen_0_blk_mem_gen_prim_wrapper_init__parameterized17\ [\blk_mem_gen_0_blk_mem_gen_prim_...]
Compiling architecture structure of entity xil_defaultlib.\blk_mem_gen_0_blk_mem_gen_prim_width__parameterized17\ [\blk_mem_gen_0_blk_mem_gen_prim_...]
Compiling architecture structure of entity xil_defaultlib.\blk_mem_gen_0_blk_mem_gen_prim_wrapper_init__parameterized18\ [\blk_mem_gen_0_blk_mem_gen_prim_...]
Compiling architecture structure of entity xil_defaultlib.\blk_mem_gen_0_blk_mem_gen_prim_width__parameterized18\ [\blk_mem_gen_0_blk_mem_gen_prim_...]
Compiling architecture structure of entity xil_defaultlib.\blk_mem_gen_0_blk_mem_gen_prim_wrapper_init__parameterized0\ [\blk_mem_gen_0_blk_mem_gen_prim_...]
Compiling architecture structure of entity xil_defaultlib.\blk_mem_gen_0_blk_mem_gen_prim_width__parameterized0\ [\blk_mem_gen_0_blk_mem_gen_prim_...]
Compiling architecture structure of entity xil_defaultlib.\blk_mem_gen_0_blk_mem_gen_prim_wrapper_init__parameterized19\ [\blk_mem_gen_0_blk_mem_gen_prim_...]
Compiling architecture structure of entity xil_defaultlib.\blk_mem_gen_0_blk_mem_gen_prim_width__parameterized19\ [\blk_mem_gen_0_blk_mem_gen_prim_...]
Compiling architecture structure of entity xil_defaultlib.\blk_mem_gen_0_blk_mem_gen_prim_wrapper_init__parameterized20\ [\blk_mem_gen_0_blk_mem_gen_prim_...]
Compiling architecture structure of entity xil_defaultlib.\blk_mem_gen_0_blk_mem_gen_prim_width__parameterized20\ [\blk_mem_gen_0_blk_mem_gen_prim_...]
Compiling architecture structure of entity xil_defaultlib.\blk_mem_gen_0_blk_mem_gen_prim_wrapper_init__parameterized21\ [\blk_mem_gen_0_blk_mem_gen_prim_...]
Compiling architecture structure of entity xil_defaultlib.\blk_mem_gen_0_blk_mem_gen_prim_width__parameterized21\ [\blk_mem_gen_0_blk_mem_gen_prim_...]
Compiling architecture structure of entity xil_defaultlib.\blk_mem_gen_0_blk_mem_gen_prim_wrapper_init__parameterized22\ [\blk_mem_gen_0_blk_mem_gen_prim_...]
Compiling architecture structure of entity xil_defaultlib.\blk_mem_gen_0_blk_mem_gen_prim_width__parameterized22\ [\blk_mem_gen_0_blk_mem_gen_prim_...]
Compiling architecture structure of entity xil_defaultlib.\blk_mem_gen_0_blk_mem_gen_prim_wrapper_init__parameterized23\ [\blk_mem_gen_0_blk_mem_gen_prim_...]
Compiling architecture structure of entity xil_defaultlib.\blk_mem_gen_0_blk_mem_gen_prim_width__parameterized23\ [\blk_mem_gen_0_blk_mem_gen_prim_...]
Compiling architecture structure of entity xil_defaultlib.\blk_mem_gen_0_blk_mem_gen_prim_wrapper_init__parameterized24\ [\blk_mem_gen_0_blk_mem_gen_prim_...]
Compiling architecture structure of entity xil_defaultlib.\blk_mem_gen_0_blk_mem_gen_prim_width__parameterized24\ [\blk_mem_gen_0_blk_mem_gen_prim_...]
Compiling architecture structure of entity xil_defaultlib.\blk_mem_gen_0_blk_mem_gen_prim_wrapper_init__parameterized25\ [\blk_mem_gen_0_blk_mem_gen_prim_...]
Compiling architecture structure of entity xil_defaultlib.\blk_mem_gen_0_blk_mem_gen_prim_width__parameterized25\ [\blk_mem_gen_0_blk_mem_gen_prim_...]
Compiling architecture structure of entity xil_defaultlib.\blk_mem_gen_0_blk_mem_gen_prim_wrapper_init__parameterized26\ [\blk_mem_gen_0_blk_mem_gen_prim_...]
Compiling architecture structure of entity xil_defaultlib.\blk_mem_gen_0_blk_mem_gen_prim_width__parameterized26\ [\blk_mem_gen_0_blk_mem_gen_prim_...]
Compiling architecture structure of entity xil_defaultlib.\blk_mem_gen_0_blk_mem_gen_prim_wrapper_init__parameterized27\ [\blk_mem_gen_0_blk_mem_gen_prim_...]
Compiling architecture structure of entity xil_defaultlib.\blk_mem_gen_0_blk_mem_gen_prim_width__parameterized27\ [\blk_mem_gen_0_blk_mem_gen_prim_...]
Compiling architecture structure of entity xil_defaultlib.\blk_mem_gen_0_blk_mem_gen_prim_wrapper_init__parameterized28\ [\blk_mem_gen_0_blk_mem_gen_prim_...]
Compiling architecture structure of entity xil_defaultlib.\blk_mem_gen_0_blk_mem_gen_prim_width__parameterized28\ [\blk_mem_gen_0_blk_mem_gen_prim_...]
Compiling architecture structure of entity xil_defaultlib.\blk_mem_gen_0_blk_mem_gen_prim_wrapper_init__parameterized1\ [\blk_mem_gen_0_blk_mem_gen_prim_...]
Compiling architecture structure of entity xil_defaultlib.\blk_mem_gen_0_blk_mem_gen_prim_width__parameterized1\ [\blk_mem_gen_0_blk_mem_gen_prim_...]
Compiling architecture structure of entity xil_defaultlib.\blk_mem_gen_0_blk_mem_gen_prim_wrapper_init__parameterized29\ [\blk_mem_gen_0_blk_mem_gen_prim_...]
Compiling architecture structure of entity xil_defaultlib.\blk_mem_gen_0_blk_mem_gen_prim_width__parameterized29\ [\blk_mem_gen_0_blk_mem_gen_prim_...]
Compiling architecture structure of entity xil_defaultlib.\blk_mem_gen_0_blk_mem_gen_prim_wrapper_init__parameterized30\ [\blk_mem_gen_0_blk_mem_gen_prim_...]
Compiling architecture structure of entity xil_defaultlib.\blk_mem_gen_0_blk_mem_gen_prim_width__parameterized30\ [\blk_mem_gen_0_blk_mem_gen_prim_...]
Compiling architecture rb36_internal_vhdl_v of entity unisim.RB36_INTERNAL_VHDL [\RB36_INTERNAL_VHDL(doa_reg=1,in...]
Compiling architecture ramb36e1_v of entity unisim.RAMB36E1 [\RAMB36E1(doa_reg=1,initp_00="00...]
Compiling architecture structure of entity xil_defaultlib.\blk_mem_gen_0_blk_mem_gen_prim_wrapper_init__parameterized31\ [\blk_mem_gen_0_blk_mem_gen_prim_...]
Compiling architecture structure of entity xil_defaultlib.\blk_mem_gen_0_blk_mem_gen_prim_width__parameterized31\ [\blk_mem_gen_0_blk_mem_gen_prim_...]
Compiling architecture structure of entity xil_defaultlib.\blk_mem_gen_0_blk_mem_gen_prim_wrapper_init__parameterized32\ [\blk_mem_gen_0_blk_mem_gen_prim_...]
Compiling architecture structure of entity xil_defaultlib.\blk_mem_gen_0_blk_mem_gen_prim_width__parameterized32\ [\blk_mem_gen_0_blk_mem_gen_prim_...]
Compiling architecture structure of entity xil_defaultlib.\blk_mem_gen_0_blk_mem_gen_prim_wrapper_init__parameterized33\ [\blk_mem_gen_0_blk_mem_gen_prim_...]
Compiling architecture structure of entity xil_defaultlib.\blk_mem_gen_0_blk_mem_gen_prim_width__parameterized33\ [\blk_mem_gen_0_blk_mem_gen_prim_...]
Compiling architecture structure of entity xil_defaultlib.\blk_mem_gen_0_blk_mem_gen_prim_wrapper_init__parameterized34\ [\blk_mem_gen_0_blk_mem_gen_prim_...]
Compiling architecture structure of entity xil_defaultlib.\blk_mem_gen_0_blk_mem_gen_prim_width__parameterized34\ [\blk_mem_gen_0_blk_mem_gen_prim_...]
Compiling architecture structure of entity xil_defaultlib.\blk_mem_gen_0_blk_mem_gen_prim_wrapper_init__parameterized35\ [\blk_mem_gen_0_blk_mem_gen_prim_...]
Compiling architecture structure of entity xil_defaultlib.\blk_mem_gen_0_blk_mem_gen_prim_width__parameterized35\ [\blk_mem_gen_0_blk_mem_gen_prim_...]
Compiling architecture structure of entity xil_defaultlib.\blk_mem_gen_0_blk_mem_gen_prim_wrapper_init__parameterized36\ [\blk_mem_gen_0_blk_mem_gen_prim_...]
Compiling architecture structure of entity xil_defaultlib.\blk_mem_gen_0_blk_mem_gen_prim_width__parameterized36\ [\blk_mem_gen_0_blk_mem_gen_prim_...]
Compiling architecture structure of entity xil_defaultlib.\blk_mem_gen_0_blk_mem_gen_prim_wrapper_init__parameterized37\ [\blk_mem_gen_0_blk_mem_gen_prim_...]
Compiling architecture structure of entity xil_defaultlib.\blk_mem_gen_0_blk_mem_gen_prim_width__parameterized37\ [\blk_mem_gen_0_blk_mem_gen_prim_...]
Compiling architecture structure of entity xil_defaultlib.\blk_mem_gen_0_blk_mem_gen_prim_wrapper_init__parameterized38\ [\blk_mem_gen_0_blk_mem_gen_prim_...]
Compiling architecture structure of entity xil_defaultlib.\blk_mem_gen_0_blk_mem_gen_prim_width__parameterized38\ [\blk_mem_gen_0_blk_mem_gen_prim_...]
Compiling architecture structure of entity xil_defaultlib.\blk_mem_gen_0_blk_mem_gen_prim_wrapper_init__parameterized2\ [\blk_mem_gen_0_blk_mem_gen_prim_...]
Compiling architecture structure of entity xil_defaultlib.\blk_mem_gen_0_blk_mem_gen_prim_width__parameterized2\ [\blk_mem_gen_0_blk_mem_gen_prim_...]
Compiling architecture structure of entity xil_defaultlib.\blk_mem_gen_0_blk_mem_gen_prim_wrapper_init__parameterized39\ [\blk_mem_gen_0_blk_mem_gen_prim_...]
Compiling architecture structure of entity xil_defaultlib.\blk_mem_gen_0_blk_mem_gen_prim_width__parameterized39\ [\blk_mem_gen_0_blk_mem_gen_prim_...]
Compiling architecture structure of entity xil_defaultlib.\blk_mem_gen_0_blk_mem_gen_prim_wrapper_init__parameterized40\ [\blk_mem_gen_0_blk_mem_gen_prim_...]
Compiling architecture structure of entity xil_defaultlib.\blk_mem_gen_0_blk_mem_gen_prim_width__parameterized40\ [\blk_mem_gen_0_blk_mem_gen_prim_...]
Compiling architecture structure of entity xil_defaultlib.\blk_mem_gen_0_blk_mem_gen_prim_wrapper_init__parameterized41\ [\blk_mem_gen_0_blk_mem_gen_prim_...]
Compiling architecture structure of entity xil_defaultlib.\blk_mem_gen_0_blk_mem_gen_prim_width__parameterized41\ [\blk_mem_gen_0_blk_mem_gen_prim_...]
Compiling architecture structure of entity xil_defaultlib.\blk_mem_gen_0_blk_mem_gen_prim_wrapper_init__parameterized42\ [\blk_mem_gen_0_blk_mem_gen_prim_...]
Compiling architecture structure of entity xil_defaultlib.\blk_mem_gen_0_blk_mem_gen_prim_width__parameterized42\ [\blk_mem_gen_0_blk_mem_gen_prim_...]
Compiling architecture structure of entity xil_defaultlib.\blk_mem_gen_0_blk_mem_gen_prim_wrapper_init__parameterized43\ [\blk_mem_gen_0_blk_mem_gen_prim_...]
Compiling architecture structure of entity xil_defaultlib.\blk_mem_gen_0_blk_mem_gen_prim_width__parameterized43\ [\blk_mem_gen_0_blk_mem_gen_prim_...]
Compiling architecture structure of entity xil_defaultlib.\blk_mem_gen_0_blk_mem_gen_prim_wrapper_init__parameterized44\ [\blk_mem_gen_0_blk_mem_gen_prim_...]
Compiling architecture structure of entity xil_defaultlib.\blk_mem_gen_0_blk_mem_gen_prim_width__parameterized44\ [\blk_mem_gen_0_blk_mem_gen_prim_...]
Compiling architecture structure of entity xil_defaultlib.\blk_mem_gen_0_blk_mem_gen_prim_wrapper_init__parameterized45\ [\blk_mem_gen_0_blk_mem_gen_prim_...]
Compiling architecture structure of entity xil_defaultlib.\blk_mem_gen_0_blk_mem_gen_prim_width__parameterized45\ [\blk_mem_gen_0_blk_mem_gen_prim_...]
Compiling architecture structure of entity xil_defaultlib.\blk_mem_gen_0_blk_mem_gen_prim_wrapper_init__parameterized46\ [\blk_mem_gen_0_blk_mem_gen_prim_...]
Compiling architecture structure of entity xil_defaultlib.\blk_mem_gen_0_blk_mem_gen_prim_width__parameterized46\ [\blk_mem_gen_0_blk_mem_gen_prim_...]
Compiling architecture rb36_internal_vhdl_v of entity unisim.RB36_INTERNAL_VHDL [\RB36_INTERNAL_VHDL(doa_reg=1,in...]
Compiling architecture ramb36e1_v of entity unisim.RAMB36E1 [\RAMB36E1(doa_reg=1,init_00="000...]
Compiling architecture rb36_internal_vhdl_v of entity unisim.RB36_INTERNAL_VHDL [\RB36_INTERNAL_VHDL(doa_reg=1,in...]
Compiling architecture ramb36e1_v of entity unisim.RAMB36E1 [\RAMB36E1(doa_reg=1,ram_extensio...]
Compiling architecture structure of entity xil_defaultlib.\blk_mem_gen_0_blk_mem_gen_prim_wrapper_init__parameterized47\ [\blk_mem_gen_0_blk_mem_gen_prim_...]
Compiling architecture structure of entity xil_defaultlib.\blk_mem_gen_0_blk_mem_gen_prim_width__parameterized47\ [\blk_mem_gen_0_blk_mem_gen_prim_...]
Compiling architecture rb36_internal_vhdl_v of entity unisim.RB36_INTERNAL_VHDL [\RB36_INTERNAL_VHDL(doa_reg=1,in...]
Compiling architecture ramb36e1_v of entity unisim.RAMB36E1 [\RAMB36E1(doa_reg=1,ram_extensio...]
Compiling architecture structure of entity xil_defaultlib.\blk_mem_gen_0_blk_mem_gen_prim_wrapper_init__parameterized48\ [\blk_mem_gen_0_blk_mem_gen_prim_...]
Compiling architecture structure of entity xil_defaultlib.\blk_mem_gen_0_blk_mem_gen_prim_width__parameterized48\ [\blk_mem_gen_0_blk_mem_gen_prim_...]
Compiling architecture structure of entity xil_defaultlib.\blk_mem_gen_0_blk_mem_gen_prim_wrapper_init__parameterized3\ [\blk_mem_gen_0_blk_mem_gen_prim_...]
Compiling architecture structure of entity xil_defaultlib.\blk_mem_gen_0_blk_mem_gen_prim_width__parameterized3\ [\blk_mem_gen_0_blk_mem_gen_prim_...]
Compiling architecture structure of entity xil_defaultlib.\blk_mem_gen_0_blk_mem_gen_prim_wrapper_init__parameterized49\ [\blk_mem_gen_0_blk_mem_gen_prim_...]
Compiling architecture structure of entity xil_defaultlib.\blk_mem_gen_0_blk_mem_gen_prim_width__parameterized49\ [\blk_mem_gen_0_blk_mem_gen_prim_...]
Compiling architecture rb36_internal_vhdl_v of entity unisim.RB36_INTERNAL_VHDL [\RB36_INTERNAL_VHDL(doa_reg=1,in...]
Compiling architecture ramb36e1_v of entity unisim.RAMB36E1 [\RAMB36E1(doa_reg=1,init_00="000...]
Compiling architecture structure of entity xil_defaultlib.\blk_mem_gen_0_blk_mem_gen_prim_wrapper_init__parameterized50\ [\blk_mem_gen_0_blk_mem_gen_prim_...]
Compiling architecture structure of entity xil_defaultlib.\blk_mem_gen_0_blk_mem_gen_prim_width__parameterized50\ [\blk_mem_gen_0_blk_mem_gen_prim_...]
Compiling architecture structure of entity xil_defaultlib.\blk_mem_gen_0_blk_mem_gen_prim_wrapper_init__parameterized51\ [\blk_mem_gen_0_blk_mem_gen_prim_...]
Compiling architecture structure of entity xil_defaultlib.\blk_mem_gen_0_blk_mem_gen_prim_width__parameterized51\ [\blk_mem_gen_0_blk_mem_gen_prim_...]
Compiling architecture structure of entity xil_defaultlib.\blk_mem_gen_0_blk_mem_gen_prim_wrapper_init__parameterized4\ [\blk_mem_gen_0_blk_mem_gen_prim_...]
Compiling architecture structure of entity xil_defaultlib.\blk_mem_gen_0_blk_mem_gen_prim_width__parameterized4\ [\blk_mem_gen_0_blk_mem_gen_prim_...]
Compiling architecture structure of entity xil_defaultlib.\blk_mem_gen_0_blk_mem_gen_prim_wrapper_init__parameterized5\ [\blk_mem_gen_0_blk_mem_gen_prim_...]
Compiling architecture structure of entity xil_defaultlib.\blk_mem_gen_0_blk_mem_gen_prim_width__parameterized5\ [\blk_mem_gen_0_blk_mem_gen_prim_...]
Compiling architecture structure of entity xil_defaultlib.\blk_mem_gen_0_blk_mem_gen_prim_wrapper_init__parameterized6\ [\blk_mem_gen_0_blk_mem_gen_prim_...]
Compiling architecture structure of entity xil_defaultlib.\blk_mem_gen_0_blk_mem_gen_prim_width__parameterized6\ [\blk_mem_gen_0_blk_mem_gen_prim_...]
Compiling architecture structure of entity xil_defaultlib.\blk_mem_gen_0_blk_mem_gen_prim_wrapper_init__parameterized7\ [\blk_mem_gen_0_blk_mem_gen_prim_...]
Compiling architecture structure of entity xil_defaultlib.\blk_mem_gen_0_blk_mem_gen_prim_width__parameterized7\ [\blk_mem_gen_0_blk_mem_gen_prim_...]
Compiling architecture structure of entity xil_defaultlib.\blk_mem_gen_0_blk_mem_gen_prim_wrapper_init__parameterized8\ [\blk_mem_gen_0_blk_mem_gen_prim_...]
Compiling architecture structure of entity xil_defaultlib.\blk_mem_gen_0_blk_mem_gen_prim_width__parameterized8\ [\blk_mem_gen_0_blk_mem_gen_prim_...]
Compiling architecture structure of entity xil_defaultlib.blk_mem_gen_0_blk_mem_gen_generic_cstr [blk_mem_gen_0_blk_mem_gen_generi...]
Compiling architecture structure of entity xil_defaultlib.blk_mem_gen_0_blk_mem_gen_top [blk_mem_gen_0_blk_mem_gen_top_de...]
Compiling architecture structure of entity xil_defaultlib.blk_mem_gen_0_blk_mem_gen_v8_4_6_synth [blk_mem_gen_0_blk_mem_gen_v8_4_6...]
Compiling architecture structure of entity xil_defaultlib.blk_mem_gen_0_blk_mem_gen_v8_4_6 [blk_mem_gen_0_blk_mem_gen_v8_4_6...]
Compiling architecture structure of entity xil_defaultlib.blk_mem_gen_0 [blk_mem_gen_0_default]
Compiling architecture ldce_v of entity unisim.LDCE [ldce_default]
Compiling architecture lut3_v of entity unisim.LUT3 [\LUT3(init="10000000")(0,7)\]
Compiling architecture lut3_v of entity unisim.LUT3 [\LUT3(init="10111110")(0,7)\]
Compiling architecture lut3_v of entity unisim.LUT3 [\LUT3(init="11101010")(0,7)\]
Compiling architecture lut4_v of entity unisim.LUT4 [\LUT4(init="0101010100010101")(0...]
Compiling architecture structure of entity xil_defaultlib.memory_interface [memory_interface_default]
Compiling architecture structure of entity xil_defaultlib.CPU [cpu_default]
Compiling architecture behavioral of entity xil_defaultlib.cpu_fetch_testbench
Built simulation snapshot cpu_fetch_testbench_func_synth
